<?xml version="1.0" encoding="UTF-8"?>
<testsuite xmlns:xsi="http://www.w3.org/2001/XMLSchema-instance" xsi:noNamespaceSchemaLocation="https://maven.apache.org/surefire/maven-surefire-plugin/xsd/surefire-test-report-3.0.xsd" version="3.0" name="com.example.ContaMagicaTest" time="0.115" tests="17" errors="0" skipped="0" failures="0">
  <properties>
[...]
</properties>
  <testcase name="testContaMagicaDeposito" classname="com.example.ContaMagicaTest" time="0.045"/>
  <testcase name="testContaMagica" classname="com.example.ContaMagicaTest" time="0.001"/>
  <testcase name="testContaMagicaNomeNull" classname="com.example.ContaMagicaTest" time="0.003"/>
  <testcase name="testContaMagicaGold" classname="com.example.ContaMagicaTest" time="0.001"/>
  <testcase name="testContaMagicaPlatinum" classname="com.example.ContaMagicaTest" time="0.001"/>
  <testcase name="testContaMagicaNomeInvalido" classname="com.example.ContaMagicaTest" time="0.011"/>
  <testcase name="testContaMagicaNumeroInvalido" classname="com.example.ContaMagicaTest" time="0.001"/>
  <testcase name="testContaMagicaRetirada2" classname="com.example.ContaMagicaTest" time="0.001"/>
  <testcase name="testContaMagicaRetirada3" classname="com.example.ContaMagicaTest" time="0.002"/>
  <testcase name="testContaMagicaRetirada4" classname="com.example.ContaMagicaTest" time="0.001"/>
  <testcase name="testContaMagicaRetirada5" classname="com.example.ContaMagicaTest" time="0.001"/>
  <testcase name="testContaMagicaDepositoInvalido" classname="com.example.ContaMagicaTest" time="0.001"/>
  <testcase name="testContaMagicaDeposito2" classname="com.example.ContaMagicaTest" time="0.001"/>
  <testcase name="testContaMagicaDeposito3" classname="com.example.ContaMagicaTest" time="0.001"/>
  <testcase name="testContaMagicaRetiradaInvalida" classname="com.example.ContaMagicaTest" time="0.001"/>
  <testcase name="testContaMagicaRetirada" classname="com.example.ContaMagicaTest" time="0.001"/>
  <testcase name="testContaMagicaRetiradaInvalida2" classname="com.example.ContaMagicaTest" time="0.002"/>
</testsuite>